<?xml version="1.0" encoding="UTF-8"?>
<testsuite name="calculator.ApplicationTest" tests="1" skipped="0" failures="0" errors="0" timestamp="2023-01-26T14:33:46" hostname="DESKTOP-3FNGSK9" time="0.015">
  <properties/>
  <testcase name="헬로우_월드()" classname="calculator.ApplicationTest" time="0.015"/>
  <system-out><![CDATA[Hello World!
]]></system-out>
  <system-err><![CDATA[]]></system-err>
</testsuite>
